# JRE version: Java(TM) SE Runtime Environment (17.0.12+8) (build 17.0.12+8-LTS-286)
# Java VM: Java HotSpot(TM) 64-Bit Server VM (17.0.12+8-LTS-286, mixed mode, sharing, tiered, compressed oops, compressed class ptrs, g1 gc, windows-amd64)
GC Precious Log:
 CPUs: 8 total, 8 available
 Memory: 12055M
 Large Page Support: Disabled
 NUMA Support: Disabled
 Compressed Oops: Enabled (Zero based)
 Heap Region Size: 2M
 Heap Min Capacity: 8M
 Heap Initial Capacity: 190M
 Heap Max Capacity: 3014M
 Pre-touch: Disabled
 Parallel Workers: 8
 Concurrent Workers: 2
 Concurrent Refinement Workers: 8
 Periodic GC: Disabled
Heap:
 garbage-first heap   total 194560K, used 72987K [0x0000000743a00000, 0x0000000800000000)
  region size 2048K, 2 young (4096K), 2 survivors (4096K)
 Metaspace       used 72868K, committed 73472K, reserved 1114112K
  class space    used 10005K, committed 10304K, reserved 1048576K
GC Heap History (20 events):
Event: 23.827 GC heap after
{Heap after GC invocations=24 (full 0):
 garbage-first heap   total 61440K, used 34856K [0x0000000743a00000, 0x0000000800000000)
  region size 2048K, 2 young (4096K), 2 survivors (4096K)
 Metaspace       used 69451K, committed 70016K, reserved 1114112K
  class space    used 9378K, committed 9600K, reserved 1048576K
}
Event: 24.882 GC heap before
{Heap before GC invocations=25 (full 0):
 garbage-first heap   total 65536K, used 47144K [0x0000000743a00000, 0x0000000800000000)
  region size 2048K, 8 young (16384K), 2 survivors (4096K)
 Metaspace       used 70888K, committed 71552K, reserved 1114112K
  class space    used 9604K, committed 9920K, reserved 1048576K
}
Event: 24.886 GC heap after
{Heap after GC invocations=26 (full 0):
 garbage-first heap   total 65536K, used 35727K [0x0000000743a00000, 0x0000000800000000)
  region size 2048K, 1 young (2048K), 1 survivors (2048K)
 Metaspace       used 70888K, committed 71552K, reserved 1114112K
  class space    used 9604K, committed 9920K, reserved 1048576K
}
Event: 25.605 GC heap before
{Heap before GC invocations=26 (full 0):
 garbage-first heap   total 65536K, used 52111K [0x0000000743a00000, 0x0000000800000000)
  region size 2048K, 9 young (18432K), 1 survivors (2048K)
 Metaspace       used 72852K, committed 73472K, reserved 1114112K
  class space    used 10005K, committed 10304K, reserved 1048576K
}
Event: 25.609 GC heap after
{Heap after GC invocations=27 (full 0):
 garbage-first heap   total 65536K, used 36796K [0x0000000743a00000, 0x0000000800000000)
  region size 2048K, 2 young (4096K), 2 survivors (4096K)
 Metaspace       used 72852K, committed 73472K, reserved 1114112K
  class space    used 10005K, committed 10304K, reserved 1048576K
}
Event: 25.814 GC heap before
{Heap before GC invocations=28 (full 0):
 garbage-first heap   total 71680K, used 51132K [0x0000000743a00000, 0x0000000800000000)
  region size 2048K, 9 young (18432K), 2 survivors (4096K)
 Metaspace       used 72861K, committed 73472K, reserved 1114112K
  class space    used 10005K, committed 10304K, reserved 1048576K
}
Event: 25.823 GC heap after
{Heap after GC invocations=29 (full 0):
 garbage-first heap   total 71680K, used 40288K [0x0000000743a00000, 0x0000000800000000)
  region size 2048K, 2 young (4096K), 2 survivors (4096K)
 Metaspace       used 72861K, committed 73472K, reserved 1114112K
  class space    used 10005K, committed 10304K, reserved 1048576K
}
Event: 25.962 GC heap before
{Heap before GC invocations=29 (full 0):
 garbage-first heap   total 71680K, used 56672K [0x0000000743a00000, 0x0000000800000000)
  region size 2048K, 10 young (20480K), 2 survivors (4096K)
 Metaspace       used 72862K, committed 73472K, reserved 1114112K
  class space    used 10005K, committed 10304K, reserved 1048576K
}
Event: 25.971 GC heap after
{Heap after GC invocations=30 (full 0):
 garbage-first heap   total 71680K, used 46133K [0x0000000743a00000, 0x0000000800000000)
  region size 2048K, 2 young (4096K), 2 survivors (4096K)
 Metaspace       used 72862K, committed 73472K, reserved 1114112K
  class space    used 10005K, committed 10304K, reserved 1048576K
}
Event: 26.069 GC heap before
{Heap before GC invocations=31 (full 0):
 garbage-first heap   total 92160K, used 54325K [0x0000000743a00000, 0x0000000800000000)
  region size 2048K, 6 young (12288K), 2 survivors (4096K)
 Metaspace       used 72862K, committed 73472K, reserved 1114112K
  class space    used 10005K, committed 10304K, reserved 1048576K
}
Event: 26.075 GC heap after
{Heap after GC invocations=32 (full 0):
 garbage-first heap   total 92160K, used 49492K [0x0000000743a00000, 0x0000000800000000)
  region size 2048K, 1 young (2048K), 1 survivors (2048K)
 Metaspace       used 72862K, committed 73472K, reserved 1114112K
  class space    used 10005K, committed 10304K, reserved 1048576K
}
Event: 26.330 GC heap before
{Heap before GC invocations=32 (full 0):
 garbage-first heap   total 92160K, used 65876K [0x0000000743a00000, 0x0000000800000000)
  region size 2048K, 9 young (18432K), 1 survivors (2048K)
 Metaspace       used 72864K, committed 73472K, reserved 1114112K
  class space    used 10005K, committed 10304K, reserved 1048576K
}
Event: 26.339 GC heap after
{Heap after GC invocations=33 (full 0):
 garbage-first heap   total 92160K, used 54481K [0x0000000743a00000, 0x0000000800000000)
  region size 2048K, 2 young (4096K), 2 survivors (4096K)
 Metaspace       used 72864K, committed 73472K, reserved 1114112K
  class space    used 10005K, committed 10304K, reserved 1048576K
}
Event: 26.599 GC heap before
{Heap before GC invocations=34 (full 0):
 garbage-first heap   total 102400K, used 68817K [0x0000000743a00000, 0x0000000800000000)
  region size 2048K, 9 young (18432K), 2 survivors (4096K)
 Metaspace       used 72865K, committed 73472K, reserved 1114112K
  class space    used 10005K, committed 10304K, reserved 1048576K
}
Event: 26.608 GC heap after
{Heap after GC invocations=35 (full 0):
 garbage-first heap   total 102400K, used 60391K [0x0000000743a00000, 0x0000000800000000)
  region size 2048K, 2 young (4096K), 2 survivors (4096K)
 Metaspace       used 72865K, committed 73472K, reserved 1114112K
  class space    used 10005K, committed 10304K, reserved 1048576K
}
Event: 26.793 GC heap before
{Heap before GC invocations=35 (full 0):
 garbage-first heap   total 102400K, used 74727K [0x0000000743a00000, 0x0000000800000000)
  region size 2048K, 9 young (18432K), 2 survivors (4096K)
 Metaspace       used 72866K, committed 73472K, reserved 1114112K
  class space    used 10005K, committed 10304K, reserved 1048576K
}
Event: 26.801 GC heap after
{Heap after GC invocations=36 (full 0):
 garbage-first heap   total 102400K, used 65384K [0x0000000743a00000, 0x0000000800000000)
  region size 2048K, 2 young (4096K), 2 survivors (4096K)
 Metaspace       used 72866K, committed 73472K, reserved 1114112K
  class space    used 10005K, committed 10304K, reserved 1048576K
}
Event: 27.057 GC heap before
{Heap before GC invocations=37 (full 0):
 garbage-first heap   total 120832K, used 77672K [0x0000000743a00000, 0x0000000800000000)
  region size 2048K, 8 young (16384K), 2 survivors (4096K)
 Metaspace       used 72866K, committed 73472K, reserved 1114112K
  class space    used 10005K, committed 10304K, reserved 1048576K
}
Event: 27.068 GC heap after
{Heap after GC invocations=38 (full 0):
 garbage-first heap   total 120832K, used 70477K [0x0000000743a00000, 0x0000000800000000)
  region size 2048K, 1 young (2048K), 1 survivors (2048K)
 Metaspace       used 72866K, committed 73472K, reserved 1114112K
  class space    used 10005K, committed 10304K, reserved 1048576K
}
Event: 27.485 GC heap before
{Heap before GC invocations=38 (full 0):
 garbage-first heap   total 120832K, used 88909K [0x0000000743a00000, 0x0000000800000000)
  region size 2048K, 10 young (20480K), 1 survivors (2048K)
 Metaspace       used 72868K, committed 73472K, reserved 1114112K
  class space    used 10005K, committed 10304K, reserved 1048576K
}

