# JRE version: Java(TM) SE Runtime Environment (17.0.12+8) (build 17.0.12+8-LTS-286)
# Java VM: Java HotSpot(TM) 64-Bit Server VM (17.0.12+8-LTS-286, mixed mode, sharing, tiered, compressed oops, compressed class ptrs, g1 gc, windows-amd64)
GC Precious Log:
 CPUs: 8 total, 8 available
 Memory: 12055M
 Large Page Support: Disabled
 NUMA Support: Disabled
 Compressed Oops: Enabled (Zero based)
 Heap Region Size: 2M
 Heap Min Capacity: 8M
 Heap Initial Capacity: 190M
 Heap Max Capacity: 3014M
 Pre-touch: Disabled
 Parallel Workers: 8
 Concurrent Workers: 2
 Concurrent Refinement Workers: 8
 Periodic GC: Disabled
Heap:
 garbage-first heap   total 321536K, used 130984K [0x0000000743a00000, 0x0000000800000000)
  region size 2048K, 3 young (6144K), 3 survivors (6144K)
 Metaspace       used 77316K, committed 77952K, reserved 1179648K
  class space    used 10715K, committed 11008K, reserved 1048576K
GC Heap History (20 events):
Event: 17.269 GC heap after
{Heap after GC invocations=34 (full 0):
 garbage-first heap   total 92160K, used 56488K [0x0000000743a00000, 0x0000000800000000)
  region size 2048K, 2 young (4096K), 2 survivors (4096K)
 Metaspace       used 72811K, committed 73408K, reserved 1114112K
  class space    used 10003K, committed 10304K, reserved 1048576K
}
Event: 17.384 GC heap before
{Heap before GC invocations=34 (full 0):
 garbage-first heap   total 112640K, used 68776K [0x0000000743a00000, 0x0000000800000000)
  region size 2048K, 8 young (16384K), 2 survivors (4096K)
 Metaspace       used 72812K, committed 73408K, reserved 1114112K
  class space    used 10003K, committed 10304K, reserved 1048576K
}
Event: 17.393 GC heap after
{Heap after GC invocations=35 (full 0):
 garbage-first heap   total 112640K, used 60374K [0x0000000743a00000, 0x0000000800000000)
  region size 2048K, 1 young (2048K), 1 survivors (2048K)
 Metaspace       used 72812K, committed 73408K, reserved 1114112K
  class space    used 10003K, committed 10304K, reserved 1048576K
}
Event: 17.594 GC heap before
{Heap before GC invocations=36 (full 0):
 garbage-first heap   total 112640K, used 80854K [0x0000000743a00000, 0x0000000800000000)
  region size 2048K, 11 young (22528K), 1 survivors (2048K)
 Metaspace       used 72812K, committed 73408K, reserved 1114112K
  class space    used 10003K, committed 10304K, reserved 1048576K
}
Event: 17.605 GC heap after
{Heap after GC invocations=37 (full 0):
 garbage-first heap   total 112640K, used 68601K [0x0000000743a00000, 0x0000000800000000)
  region size 2048K, 2 young (4096K), 2 survivors (4096K)
 Metaspace       used 72812K, committed 73408K, reserved 1114112K
  class space    used 10003K, committed 10304K, reserved 1048576K
}
Event: 17.797 GC heap before
{Heap before GC invocations=37 (full 0):
 garbage-first heap   total 112640K, used 82937K [0x0000000743a00000, 0x0000000800000000)
  region size 2048K, 9 young (18432K), 2 survivors (4096K)
 Metaspace       used 72814K, committed 73408K, reserved 1114112K
  class space    used 10003K, committed 10304K, reserved 1048576K
}
Event: 17.808 GC heap after
{Heap after GC invocations=38 (full 0):
 garbage-first heap   total 321536K, used 72926K [0x0000000743a00000, 0x0000000800000000)
  region size 2048K, 2 young (4096K), 2 survivors (4096K)
 Metaspace       used 72814K, committed 73408K, reserved 1114112K
  class space    used 10003K, committed 10304K, reserved 1048576K
}
Event: 18.674 GC heap before
{Heap before GC invocations=39 (full 0):
 garbage-first heap   total 307200K, used 183518K [0x0000000743a00000, 0x0000000800000000)
  region size 2048K, 56 young (114688K), 2 survivors (4096K)
 Metaspace       used 74629K, committed 75264K, reserved 1114112K
  class space    used 10384K, committed 10688K, reserved 1048576K
}
Event: 18.687 GC heap after
{Heap after GC invocations=40 (full 0):
 garbage-first heap   total 307200K, used 80043K [0x0000000743a00000, 0x0000000800000000)
  region size 2048K, 6 young (12288K), 6 survivors (12288K)
 Metaspace       used 74629K, committed 75264K, reserved 1114112K
  class space    used 10384K, committed 10688K, reserved 1048576K
}
Event: 19.217 GC heap before
{Heap before GC invocations=40 (full 0):
 garbage-first heap   total 307200K, used 227499K [0x0000000743a00000, 0x0000000800000000)
  region size 2048K, 77 young (157696K), 6 survivors (12288K)
 Metaspace       used 74650K, committed 75264K, reserved 1114112K
  class space    used 10384K, committed 10688K, reserved 1048576K
}
Event: 19.269 GC heap after
{Heap after GC invocations=41 (full 0):
 garbage-first heap   total 307200K, used 133861K [0x0000000743a00000, 0x0000000800000000)
  region size 2048K, 10 young (20480K), 10 survivors (20480K)
 Metaspace       used 74650K, committed 75264K, reserved 1114112K
  class space    used 10384K, committed 10688K, reserved 1048576K
}
Event: 19.750 GC heap before
{Heap before GC invocations=41 (full 0):
 garbage-first heap   total 307200K, used 219877K [0x0000000743a00000, 0x0000000800000000)
  region size 2048K, 50 young (102400K), 10 survivors (20480K)
 Metaspace       used 74672K, committed 75264K, reserved 1114112K
  class space    used 10385K, committed 10688K, reserved 1048576K
}
Event: 19.774 GC heap after
{Heap after GC invocations=42 (full 0):
 garbage-first heap   total 307200K, used 154694K [0x0000000743a00000, 0x0000000800000000)
  region size 2048K, 7 young (14336K), 7 survivors (14336K)
 Metaspace       used 74672K, committed 75264K, reserved 1114112K
  class space    used 10385K, committed 10688K, reserved 1048576K
}
Event: 20.331 GC heap before
{Heap before GC invocations=42 (full 0):
 garbage-first heap   total 307200K, used 226374K [0x0000000743a00000, 0x0000000800000000)
  region size 2048K, 42 young (86016K), 7 survivors (14336K)
 Metaspace       used 76476K, committed 77184K, reserved 1179648K
  class space    used 10617K, committed 10944K, reserved 1048576K
}
Event: 20.350 GC heap after
{Heap after GC invocations=43 (full 0):
 garbage-first heap   total 307200K, used 155477K [0x0000000743a00000, 0x0000000800000000)
  region size 2048K, 2 young (4096K), 2 survivors (4096K)
 Metaspace       used 76476K, committed 77184K, reserved 1179648K
  class space    used 10617K, committed 10944K, reserved 1048576K
}
Event: 21.267 GC heap before
{Heap before GC invocations=44 (full 0):
 garbage-first heap   total 307200K, used 225109K [0x0000000743a00000, 0x0000000800000000)
  region size 2048K, 39 young (79872K), 2 survivors (4096K)
 Metaspace       used 77155K, committed 77760K, reserved 1179648K
  class space    used 10695K, committed 11008K, reserved 1048576K
}
Event: 21.276 GC heap after
{Heap after GC invocations=45 (full 0):
 garbage-first heap   total 307200K, used 155237K [0x0000000743a00000, 0x0000000800000000)
  region size 2048K, 5 young (10240K), 5 survivors (10240K)
 Metaspace       used 77155K, committed 77760K, reserved 1179648K
  class space    used 10695K, committed 11008K, reserved 1048576K
}
Event: 21.291 GC heap before
{Heap before GC invocations=45 (full 0):
 garbage-first heap   total 307200K, used 159333K [0x0000000743a00000, 0x0000000800000000)
  region size 2048K, 7 young (14336K), 5 survivors (10240K)
 Metaspace       used 77160K, committed 77760K, reserved 1179648K
  class space    used 10695K, committed 11008K, reserved 1048576K
}
Event: 21.294 GC heap after
{Heap after GC invocations=46 (full 0):
 garbage-first heap   total 307200K, used 127430K [0x0000000743a00000, 0x0000000800000000)
  region size 2048K, 1 young (2048K), 1 survivors (2048K)
 Metaspace       used 77160K, committed 77760K, reserved 1179648K
  class space    used 10695K, committed 11008K, reserved 1048576K
}
Event: 21.658 GC heap before
{Heap before GC invocations=46 (full 0):
 garbage-first heap   total 307200K, used 227782K [0x0000000743a00000, 0x0000000800000000)
  region size 2048K, 50 young (102400K), 1 survivors (2048K)
 Metaspace       used 77316K, committed 77952K, reserved 1179648K
  class space    used 10715K, committed 11008K, reserved 1048576K
}

