# JRE version: Java(TM) SE Runtime Environment (17.0.12+8) (build 17.0.12+8-LTS-286)
# Java VM: Java HotSpot(TM) 64-Bit Server VM (17.0.12+8-LTS-286, mixed mode, sharing, tiered, compressed oops, compressed class ptrs, g1 gc, windows-amd64)
GC Precious Log:
 CPUs: 8 total, 8 available
 Memory: 12055M
 Large Page Support: Disabled
 NUMA Support: Disabled
 Compressed Oops: Enabled (Zero based)
 Heap Region Size: 2M
 Heap Min Capacity: 8M
 Heap Initial Capacity: 190M
 Heap Max Capacity: 3014M
 Pre-touch: Disabled
 Parallel Workers: 8
 Concurrent Workers: 2
 Concurrent Refinement Workers: 8
 Periodic GC: Disabled
Heap:
 garbage-first heap   total 253952K, used 154495K [0x0000000743a00000, 0x0000000800000000)
  region size 2048K, 2 young (4096K), 2 survivors (4096K)
 Metaspace       used 74799K, committed 75456K, reserved 1114112K
  class space    used 10387K, committed 10688K, reserved 1048576K
GC Heap History (20 events):
Event: 34.281 GC heap after
{Heap after GC invocations=37 (full 0):
 garbage-first heap   total 104448K, used 60107K [0x0000000743a00000, 0x0000000800000000)
  region size 2048K, 2 young (4096K), 2 survivors (4096K)
 Metaspace       used 72969K, committed 73600K, reserved 1114112K
  class space    used 10009K, committed 10304K, reserved 1048576K
}
Event: 34.521 GC heap before
{Heap before GC invocations=37 (full 0):
 garbage-first heap   total 104448K, used 76491K [0x0000000743a00000, 0x0000000800000000)
  region size 2048K, 10 young (20480K), 2 survivors (4096K)
 Metaspace       used 72970K, committed 73600K, reserved 1114112K
  class space    used 10009K, committed 10304K, reserved 1048576K
}
Event: 34.529 GC heap after
{Heap after GC invocations=38 (full 0):
 garbage-first heap   total 104448K, used 66057K [0x0000000743a00000, 0x0000000800000000)
  region size 2048K, 2 young (4096K), 2 survivors (4096K)
 Metaspace       used 72970K, committed 73600K, reserved 1114112K
  class space    used 10009K, committed 10304K, reserved 1048576K
}
Event: 34.743 GC heap before
{Heap before GC invocations=39 (full 0):
 garbage-first heap   total 122880K, used 78345K [0x0000000743a00000, 0x0000000800000000)
  region size 2048K, 8 young (16384K), 2 survivors (4096K)
 Metaspace       used 72970K, committed 73600K, reserved 1114112K
  class space    used 10009K, committed 10304K, reserved 1048576K
}
Event: 34.751 GC heap after
{Heap after GC invocations=40 (full 0):
 garbage-first heap   total 122880K, used 71475K [0x0000000743a00000, 0x0000000800000000)
  region size 2048K, 1 young (2048K), 1 survivors (2048K)
 Metaspace       used 72970K, committed 73600K, reserved 1114112K
  class space    used 10009K, committed 10304K, reserved 1048576K
}
Event: 34.806 GC heap before
{Heap before GC invocations=40 (full 0):
 garbage-first heap   total 122880K, used 75571K [0x0000000743a00000, 0x0000000800000000)
  region size 2048K, 3 young (6144K), 1 survivors (2048K)
 Metaspace       used 72970K, committed 73600K, reserved 1114112K
  class space    used 10009K, committed 10304K, reserved 1048576K
}
Event: 34.812 GC heap after
{Heap after GC invocations=41 (full 0):
 garbage-first heap   total 122880K, used 72866K [0x0000000743a00000, 0x0000000800000000)
  region size 2048K, 1 young (2048K), 1 survivors (2048K)
 Metaspace       used 72970K, committed 73600K, reserved 1114112K
  class space    used 10009K, committed 10304K, reserved 1048576K
}
Event: 35.001 GC heap before
{Heap before GC invocations=41 (full 0):
 garbage-first heap   total 122880K, used 91298K [0x0000000743a00000, 0x0000000800000000)
  region size 2048K, 10 young (20480K), 1 survivors (2048K)
 Metaspace       used 72976K, committed 73600K, reserved 1114112K
  class space    used 10009K, committed 10304K, reserved 1048576K
}
Event: 35.005 GC heap after
{Heap after GC invocations=42 (full 0):
 garbage-first heap   total 122880K, used 72894K [0x0000000743a00000, 0x0000000800000000)
  region size 2048K, 1 young (2048K), 1 survivors (2048K)
 Metaspace       used 72976K, committed 73600K, reserved 1114112K
  class space    used 10009K, committed 10304K, reserved 1048576K
}
Event: 35.182 GC heap before
{Heap before GC invocations=42 (full 0):
 garbage-first heap   total 151552K, used 93374K [0x0000000743a00000, 0x0000000800000000)
  region size 2048K, 11 young (22528K), 1 survivors (2048K)
 Metaspace       used 72994K, committed 73664K, reserved 1114112K
  class space    used 10009K, committed 10304K, reserved 1048576K
}
Event: 35.190 GC heap after
{Heap after GC invocations=43 (full 0):
 garbage-first heap   total 253952K, used 75175K [0x0000000743a00000, 0x0000000800000000)
  region size 2048K, 2 young (4096K), 2 survivors (4096K)
 Metaspace       used 72994K, committed 73664K, reserved 1114112K
  class space    used 10009K, committed 10304K, reserved 1048576K
}
Event: 36.079 GC heap before
{Heap before GC invocations=44 (full 0):
 garbage-first heap   total 253952K, used 161191K [0x0000000743a00000, 0x0000000800000000)
  region size 2048K, 44 young (90112K), 2 survivors (4096K)
 Metaspace       used 74785K, committed 75456K, reserved 1114112K
  class space    used 10387K, committed 10688K, reserved 1048576K
}
Event: 36.088 GC heap after
{Heap after GC invocations=45 (full 0):
 garbage-first heap   total 253952K, used 82402K [0x0000000743a00000, 0x0000000800000000)
  region size 2048K, 6 young (12288K), 6 survivors (12288K)
 Metaspace       used 74785K, committed 75456K, reserved 1114112K
  class space    used 10387K, committed 10688K, reserved 1048576K
}
Event: 36.098 GC heap before
{Heap before GC invocations=45 (full 0):
 garbage-first heap   total 253952K, used 84450K [0x0000000743a00000, 0x0000000800000000)
  region size 2048K, 7 young (14336K), 6 survivors (12288K)
 Metaspace       used 74785K, committed 75456K, reserved 1114112K
  class space    used 10387K, committed 10688K, reserved 1048576K
}
Event: 36.108 GC heap after
{Heap after GC invocations=46 (full 0):
 garbage-first heap   total 253952K, used 83334K [0x0000000743a00000, 0x0000000800000000)
  region size 2048K, 1 young (2048K), 1 survivors (2048K)
 Metaspace       used 74785K, committed 75456K, reserved 1114112K
  class space    used 10387K, committed 10688K, reserved 1048576K
}
Event: 36.489 GC heap before
{Heap before GC invocations=46 (full 0):
 garbage-first heap   total 253952K, used 187782K [0x0000000743a00000, 0x0000000800000000)
  region size 2048K, 51 young (104448K), 1 survivors (2048K)
 Metaspace       used 74795K, committed 75456K, reserved 1114112K
  class space    used 10387K, committed 10688K, reserved 1048576K
}
Event: 36.513 GC heap after
{Heap after GC invocations=47 (full 0):
 garbage-first heap   total 253952K, used 121714K [0x0000000743a00000, 0x0000000800000000)
  region size 2048K, 7 young (14336K), 7 survivors (14336K)
 Metaspace       used 74795K, committed 75456K, reserved 1114112K
  class space    used 10387K, committed 10688K, reserved 1048576K
}
Event: 36.798 GC heap before
{Heap before GC invocations=47 (full 0):
 garbage-first heap   total 253952K, used 185202K [0x0000000743a00000, 0x0000000800000000)
  region size 2048K, 36 young (73728K), 7 survivors (14336K)
 Metaspace       used 74795K, committed 75456K, reserved 1114112K
  class space    used 10387K, committed 10688K, reserved 1048576K
}
Event: 36.830 GC heap after
{Heap after GC invocations=48 (full 0):
 garbage-first heap   total 253952K, used 150470K [0x0000000743a00000, 0x0000000800000000)
  region size 2048K, 5 young (10240K), 5 survivors (10240K)
 Metaspace       used 74795K, committed 75456K, reserved 1114112K
  class space    used 10387K, committed 10688K, reserved 1048576K
}
Event: 36.967 GC heap before
{Heap before GC invocations=48 (full 0):
 garbage-first heap   total 253952K, used 189382K [0x0000000743a00000, 0x0000000800000000)
  region size 2048K, 24 young (49152K), 5 survivors (10240K)
 Metaspace       used 74799K, committed 75456K, reserved 1114112K
  class space    used 10387K, committed 10688K, reserved 1048576K
}

