# JRE version: Java(TM) SE Runtime Environment (17.0.12+8) (build 17.0.12+8-LTS-286)
# Java VM: Java HotSpot(TM) 64-Bit Server VM (17.0.12+8-LTS-286, mixed mode, sharing, tiered, compressed oops, compressed class ptrs, g1 gc, windows-amd64)
GC Precious Log:
 CPUs: 8 total, 8 available
 Memory: 12055M
 Large Page Support: Disabled
 NUMA Support: Disabled
 Compressed Oops: Enabled (Zero based)
 Heap Region Size: 2M
 Heap Min Capacity: 8M
 Heap Initial Capacity: 190M
 Heap Max Capacity: 3014M
 Pre-touch: Disabled
 Parallel Workers: 8
 Concurrent Workers: 2
 Concurrent Refinement Workers: 8
 Periodic GC: Disabled
Heap:
 garbage-first heap   total 233472K, used 107437K [0x0000000743a00000, 0x0000000800000000)
  region size 2048K, 19 young (38912K), 2 survivors (4096K)
 Metaspace       used 73083K, committed 73664K, reserved 1114112K
  class space    used 10010K, committed 10304K, reserved 1048576K
GC Heap History (20 events):
Event: 32.397 GC heap before
{Heap before GC invocations=26 (full 0):
 garbage-first heap   total 61440K, used 47636K [0x0000000743a00000, 0x0000000800000000)
  region size 2048K, 10 young (20480K), 2 survivors (4096K)
 Metaspace       used 70183K, committed 70784K, reserved 1114112K
  class space    used 9472K, committed 9792K, reserved 1048576K
}
Event: 32.405 GC heap after
{Heap after GC invocations=27 (full 0):
 garbage-first heap   total 61440K, used 34275K [0x0000000743a00000, 0x0000000800000000)
  region size 2048K, 2 young (4096K), 2 survivors (4096K)
 Metaspace       used 70183K, committed 70784K, reserved 1114112K
  class space    used 9472K, committed 9792K, reserved 1048576K
}
Event: 33.157 GC heap before
{Heap before GC invocations=28 (full 0):
 garbage-first heap   total 65536K, used 46563K [0x0000000743a00000, 0x0000000800000000)
  region size 2048K, 8 young (16384K), 2 survivors (4096K)
 Metaspace       used 71460K, committed 72128K, reserved 1114112K
  class space    used 9665K, committed 9984K, reserved 1048576K
}
Event: 33.162 GC heap after
{Heap after GC invocations=29 (full 0):
 garbage-first heap   total 65536K, used 35168K [0x0000000743a00000, 0x0000000800000000)
  region size 2048K, 1 young (2048K), 1 survivors (2048K)
 Metaspace       used 71460K, committed 72128K, reserved 1114112K
  class space    used 9665K, committed 9984K, reserved 1048576K
}
Event: 33.609 GC heap before
{Heap before GC invocations=29 (full 0):
 garbage-first heap   total 65536K, used 51552K [0x0000000743a00000, 0x0000000800000000)
  region size 2048K, 9 young (18432K), 1 survivors (2048K)
 Metaspace       used 72949K, committed 73536K, reserved 1114112K
  class space    used 10008K, committed 10304K, reserved 1048576K
}
Event: 33.613 GC heap after
{Heap after GC invocations=30 (full 0):
 garbage-first heap   total 65536K, used 36052K [0x0000000743a00000, 0x0000000800000000)
  region size 2048K, 2 young (4096K), 2 survivors (4096K)
 Metaspace       used 72949K, committed 73536K, reserved 1114112K
  class space    used 10008K, committed 10304K, reserved 1048576K
}
Event: 33.810 GC heap before
{Heap before GC invocations=31 (full 0):
 garbage-first heap   total 75776K, used 50388K [0x0000000743a00000, 0x0000000800000000)
  region size 2048K, 9 young (18432K), 2 survivors (4096K)
 Metaspace       used 72958K, committed 73536K, reserved 1114112K
  class space    used 10008K, committed 10304K, reserved 1048576K
}
Event: 33.817 GC heap after
{Heap after GC invocations=32 (full 0):
 garbage-first heap   total 75776K, used 40804K [0x0000000743a00000, 0x0000000800000000)
  region size 2048K, 2 young (4096K), 2 survivors (4096K)
 Metaspace       used 72958K, committed 73536K, reserved 1114112K
  class space    used 10008K, committed 10304K, reserved 1048576K
}
Event: 33.985 GC heap before
{Heap before GC invocations=32 (full 0):
 garbage-first heap   total 75776K, used 59236K [0x0000000743a00000, 0x0000000800000000)
  region size 2048K, 11 young (22528K), 2 survivors (4096K)
 Metaspace       used 72968K, committed 73600K, reserved 1114112K
  class space    used 10008K, committed 10304K, reserved 1048576K
}
Event: 33.995 GC heap after
{Heap after GC invocations=33 (full 0):
 garbage-first heap   total 75776K, used 47472K [0x0000000743a00000, 0x0000000800000000)
  region size 2048K, 2 young (4096K), 2 survivors (4096K)
 Metaspace       used 72968K, committed 73600K, reserved 1114112K
  class space    used 10008K, committed 10304K, reserved 1048576K
}
Event: 34.121 GC heap before
{Heap before GC invocations=34 (full 0):
 garbage-first heap   total 92160K, used 57712K [0x0000000743a00000, 0x0000000800000000)
  region size 2048K, 7 young (14336K), 2 survivors (4096K)
 Metaspace       used 72969K, committed 73600K, reserved 1114112K
  class space    used 10009K, committed 10304K, reserved 1048576K
}
Event: 34.127 GC heap after
{Heap after GC invocations=35 (full 0):
 garbage-first heap   total 92160K, used 51690K [0x0000000743a00000, 0x0000000800000000)
  region size 2048K, 1 young (2048K), 1 survivors (2048K)
 Metaspace       used 72969K, committed 73600K, reserved 1114112K
  class space    used 10009K, committed 10304K, reserved 1048576K
}
Event: 34.261 GC heap before
{Heap before GC invocations=35 (full 0):
 garbage-first heap   total 92160K, used 63978K [0x0000000743a00000, 0x0000000800000000)
  region size 2048K, 8 young (16384K), 1 survivors (2048K)
 Metaspace       used 72970K, committed 73600K, reserved 1114112K
  class space    used 10009K, committed 10304K, reserved 1048576K
}
Event: 34.270 GC heap after
{Heap after GC invocations=36 (full 0):
 garbage-first heap   total 92160K, used 56350K [0x0000000743a00000, 0x0000000800000000)
  region size 2048K, 1 young (2048K), 1 survivors (2048K)
 Metaspace       used 72970K, committed 73600K, reserved 1114112K
  class space    used 10009K, committed 10304K, reserved 1048576K
}
Event: 34.373 GC heap before
{Heap before GC invocations=36 (full 0):
 garbage-first heap   total 116736K, used 68638K [0x0000000743a00000, 0x0000000800000000)
  region size 2048K, 7 young (14336K), 1 survivors (2048K)
 Metaspace       used 72971K, committed 73600K, reserved 1114112K
  class space    used 10009K, committed 10304K, reserved 1048576K
}
Event: 34.379 GC heap after
{Heap after GC invocations=37 (full 0):
 garbage-first heap   total 116736K, used 61280K [0x0000000743a00000, 0x0000000800000000)
  region size 2048K, 1 young (2048K), 1 survivors (2048K)
 Metaspace       used 72971K, committed 73600K, reserved 1114112K
  class space    used 10009K, committed 10304K, reserved 1048576K
}
Event: 34.548 GC heap before
{Heap before GC invocations=38 (full 0):
 garbage-first heap   total 116736K, used 83808K [0x0000000743a00000, 0x0000000800000000)
  region size 2048K, 12 young (24576K), 1 survivors (2048K)
 Metaspace       used 72972K, committed 73600K, reserved 1114112K
  class space    used 10009K, committed 10304K, reserved 1048576K
}
Event: 34.556 GC heap after
{Heap after GC invocations=39 (full 0):
 garbage-first heap   total 116736K, used 69715K [0x0000000743a00000, 0x0000000800000000)
  region size 2048K, 2 young (4096K), 2 survivors (4096K)
 Metaspace       used 72972K, committed 73600K, reserved 1114112K
  class space    used 10009K, committed 10304K, reserved 1048576K
}
Event: 34.686 GC heap before
{Heap before GC invocations=39 (full 0):
 garbage-first heap   total 116736K, used 86099K [0x0000000743a00000, 0x0000000800000000)
  region size 2048K, 10 young (20480K), 2 survivors (4096K)
 Metaspace       used 72973K, committed 73600K, reserved 1114112K
  class space    used 10009K, committed 10304K, reserved 1048576K
}
Event: 34.696 GC heap after
{Heap after GC invocations=40 (full 0):
 garbage-first heap   total 233472K, used 74669K [0x0000000743a00000, 0x0000000800000000)
  region size 2048K, 2 young (4096K), 2 survivors (4096K)
 Metaspace       used 72973K, committed 73600K, reserved 1114112K
  class space    used 10009K, committed 10304K, reserved 1048576K
}

