# JRE version: Java(TM) SE Runtime Environment (17.0.12+8) (build 17.0.12+8-LTS-286)
# Java VM: Java HotSpot(TM) 64-Bit Server VM (17.0.12+8-LTS-286, mixed mode, sharing, tiered, compressed oops, compressed class ptrs, g1 gc, windows-amd64)
GC Precious Log:
 CPUs: 8 total, 8 available
 Memory: 12055M
 Large Page Support: Disabled
 NUMA Support: Disabled
 Compressed Oops: Enabled (Zero based)
 Heap Region Size: 2M
 Heap Min Capacity: 8M
 Heap Initial Capacity: 190M
 Heap Max Capacity: 3014M
 Pre-touch: Disabled
 Parallel Workers: 8
 Concurrent Workers: 2
 Concurrent Refinement Workers: 8
 Periodic GC: Disabled
Heap:
 garbage-first heap   total 473088K, used 273852K [0x0000000743a00000, 0x0000000800000000)
  region size 2048K, 64 young (131072K), 4 survivors (8192K)
 Metaspace       used 91803K, committed 92608K, reserved 1179648K
  class space    used 12736K, committed 13120K, reserved 1048576K
GC Heap History (20 events):
Event: 23.969 GC heap before
{Heap before GC invocations=35 (full 0):
 garbage-first heap   total 129024K, used 90347K [0x0000000743a00000, 0x0000000800000000)
  region size 2048K, 14 young (28672K), 3 survivors (6144K)
 Metaspace       used 72904K, committed 73536K, reserved 1114112K
  class space    used 10000K, committed 10304K, reserved 1048576K
}
Event: 23.981 GC heap after
{Heap after GC invocations=36 (full 0):
 garbage-first heap   total 129024K, used 74923K [0x0000000743a00000, 0x0000000800000000)
  region size 2048K, 2 young (4096K), 2 survivors (4096K)
 Metaspace       used 72904K, committed 73536K, reserved 1114112K
  class space    used 10000K, committed 10304K, reserved 1048576K
}
Event: 24.088 GC heap before
{Heap before GC invocations=36 (full 0):
 garbage-first heap   total 161792K, used 95403K [0x0000000743a00000, 0x0000000800000000)
  region size 2048K, 12 young (24576K), 2 survivors (4096K)
 Metaspace       used 72921K, committed 73536K, reserved 1114112K
  class space    used 10000K, committed 10304K, reserved 1048576K
}
Event: 24.095 GC heap after
{Heap after GC invocations=37 (full 0):
 garbage-first heap   total 161792K, used 76834K [0x0000000743a00000, 0x0000000800000000)
  region size 2048K, 1 young (2048K), 1 survivors (2048K)
 Metaspace       used 72921K, committed 73536K, reserved 1114112K
  class space    used 10000K, committed 10304K, reserved 1048576K
}
Event: 24.440 GC heap before
{Heap before GC invocations=38 (full 0):
 garbage-first heap   total 161792K, used 113698K [0x0000000743a00000, 0x0000000800000000)
  region size 2048K, 19 young (38912K), 1 survivors (2048K)
 Metaspace       used 74696K, committed 75328K, reserved 1114112K
  class space    used 10378K, committed 10688K, reserved 1048576K
}
Event: 24.452 GC heap after
{Heap after GC invocations=39 (full 0):
 garbage-first heap   total 161792K, used 84339K [0x0000000743a00000, 0x0000000800000000)
  region size 2048K, 3 young (6144K), 3 survivors (6144K)
 Metaspace       used 74696K, committed 75328K, reserved 1114112K
  class space    used 10378K, committed 10688K, reserved 1048576K
}
Event: 24.531 GC heap before
{Heap before GC invocations=39 (full 0):
 garbage-first heap   total 161792K, used 117107K [0x0000000743a00000, 0x0000000800000000)
  region size 2048K, 19 young (38912K), 3 survivors (6144K)
 Metaspace       used 74712K, committed 75328K, reserved 1114112K
  class space    used 10378K, committed 10688K, reserved 1048576K
}
Event: 24.540 GC heap after
{Heap after GC invocations=40 (full 0):
 garbage-first heap   total 161792K, used 90803K [0x0000000743a00000, 0x0000000800000000)
  region size 2048K, 3 young (6144K), 3 survivors (6144K)
 Metaspace       used 74712K, committed 75328K, reserved 1114112K
  class space    used 10378K, committed 10688K, reserved 1048576K
}
Event: 24.646 GC heap before
{Heap before GC invocations=41 (full 0):
 garbage-first heap   total 188416K, used 119475K [0x0000000743a00000, 0x0000000800000000)
  region size 2048K, 18 young (36864K), 3 survivors (6144K)
 Metaspace       used 74712K, committed 75328K, reserved 1114112K
  class space    used 10378K, committed 10688K, reserved 1048576K
}
Event: 24.661 GC heap after
{Heap after GC invocations=42 (full 0):
 garbage-first heap   total 188416K, used 103451K [0x0000000743a00000, 0x0000000800000000)
  region size 2048K, 3 young (6144K), 3 survivors (6144K)
 Metaspace       used 74712K, committed 75328K, reserved 1114112K
  class space    used 10378K, committed 10688K, reserved 1048576K
}
Event: 24.670 GC heap before
{Heap before GC invocations=42 (full 0):
 garbage-first heap   total 188416K, used 105499K [0x0000000743a00000, 0x0000000800000000)
  region size 2048K, 4 young (8192K), 3 survivors (6144K)
 Metaspace       used 74712K, committed 75328K, reserved 1114112K
  class space    used 10378K, committed 10688K, reserved 1048576K
}
Event: 24.679 GC heap after
{Heap after GC invocations=43 (full 0):
 garbage-first heap   total 473088K, used 85977K [0x0000000743a00000, 0x0000000800000000)
  region size 2048K, 1 young (2048K), 1 survivors (2048K)
 Metaspace       used 74712K, committed 75328K, reserved 1114112K
  class space    used 10378K, committed 10688K, reserved 1048576K
}
Event: 24.776 GC heap before
{Heap before GC invocations=43 (full 0):
 garbage-first heap   total 473088K, used 106457K [0x0000000743a00000, 0x0000000800000000)
  region size 2048K, 11 young (22528K), 1 survivors (2048K)
 Metaspace       used 74712K, committed 75328K, reserved 1114112K
  class space    used 10378K, committed 10688K, reserved 1048576K
}
Event: 24.787 GC heap after
{Heap after GC invocations=44 (full 0):
 garbage-first heap   total 473088K, used 84660K [0x0000000743a00000, 0x0000000800000000)
  region size 2048K, 2 young (4096K), 2 survivors (4096K)
 Metaspace       used 74712K, committed 75328K, reserved 1114112K
  class space    used 10378K, committed 10688K, reserved 1048576K
}
Event: 26.051 GC heap before
{Heap before GC invocations=44 (full 0):
 garbage-first heap   total 473088K, used 291508K [0x0000000743a00000, 0x0000000800000000)
  region size 2048K, 100 young (204800K), 2 survivors (4096K)
 Metaspace       used 74731K, committed 75328K, reserved 1114112K
  class space    used 10378K, committed 10688K, reserved 1048576K
}
Event: 26.100 GC heap after
{Heap after GC invocations=45 (full 0):
 garbage-first heap   total 473088K, used 145056K [0x0000000743a00000, 0x0000000800000000)
  region size 2048K, 13 young (26624K), 13 survivors (26624K)
 Metaspace       used 74731K, committed 75328K, reserved 1114112K
  class space    used 10378K, committed 10688K, reserved 1048576K
}
Event: 27.446 GC heap before
{Heap before GC invocations=45 (full 0):
 garbage-first heap   total 473088K, used 276128K [0x0000000743a00000, 0x0000000800000000)
  region size 2048K, 77 young (157696K), 13 survivors (26624K)
 Metaspace       used 77267K, committed 77888K, reserved 1179648K
  class space    used 10691K, committed 11008K, reserved 1048576K
}
Event: 27.476 GC heap after
{Heap after GC invocations=46 (full 0):
 garbage-first heap   total 473088K, used 153391K [0x0000000743a00000, 0x0000000800000000)
  region size 2048K, 3 young (6144K), 3 survivors (6144K)
 Metaspace       used 77267K, committed 77888K, reserved 1179648K
  class space    used 10691K, committed 11008K, reserved 1048576K
}
Event: 29.534 GC heap before
{Heap before GC invocations=46 (full 0):
 garbage-first heap   total 473088K, used 302895K [0x0000000743a00000, 0x0000000800000000)
  region size 2048K, 76 young (155648K), 3 survivors (6144K)
 Metaspace       used 81194K, committed 81856K, reserved 1179648K
  class space    used 11256K, committed 11584K, reserved 1048576K
}
Event: 29.544 GC heap after
{Heap after GC invocations=47 (full 0):
 garbage-first heap   total 473088K, used 155068K [0x0000000743a00000, 0x0000000800000000)
  region size 2048K, 4 young (8192K), 4 survivors (8192K)
 Metaspace       used 81194K, committed 81856K, reserved 1179648K
  class space    used 11256K, committed 11584K, reserved 1048576K
}

